
(0,0,0) : 9.14975
(0,0,1) : 9.14425
(0,0,2) : 9.1405
(0,0,3) : 9.139
(0,0,4) : 9.13825
(0,0,5) : 9.13625
(0,0,6) : 9.13825
(0,0,7) : 9.1395
(0,1,0) : 9.1465
(0,1,1) : 9.1415
(0,1,2) : 9.13725
(0,1,3) : 9.13625
(0,1,4) : 9.13525
(0,1,5) : 9.13325
(0,1,6) : 9.1355
(0,1,7) : 9.137
(0,2,0) : 9.14575
(0,2,1) : 9.14025
(0,2,2) : 9.13575
(0,2,3) : 9.134
(0,2,4) : 9.1335
(0,2,5) : 9.1315
(0,2,6) : 9.134
(0,2,7) : 9.1355
(0,3,0) : 9.1465
(0,3,1) : 9.14075
(0,3,2) : 9.13575
(0,3,3) : 9.13375
(0,3,4) : 9.133
(0,3,5) : 9.131
(0,3,6) : 9.13325
(0,3,7) : 9.13475
(0,4,0) : 9.146
(0,4,1) : 9.140
(0,4,2) : 9.13875
(0,4,3) : 9.137
(0,4,4) : 9.13475
(0,4,5) : 9.1305
(0,4,6) : 9.1325
(0,4,7) : 9.13475
(0,5,0) : 9.14125
(0,5,1) : 9.1355
(0,5,2) : 9.13225
(0,5,3) : 9.13075
(0,5,4) : 9.1285
(0,5,5) : 9.12575
(0,5,6) : 9.12725
(0,5,7) : 9.1295
(0,6,0) : 9.14325
(0,6,1) : 9.1375
(0,6,2) : 9.1345
(0,6,3) : 9.13325
(0,6,4) : 9.130
(0,6,5) : 9.12725
(0,6,6) : 9.12875
(0,6,7) : 9.13075
(0,7,0) : 9.145
(0,7,1) : 9.13925
(0,7,2) : 9.1365
(0,7,3) : 9.135
(0,7,4) : 9.132
(0,7,5) : 9.129
(0,7,6) : 9.13075
(0,7,7) : 9.132
(1,0,0) : 9.14975
(1,0,1) : 9.144
(1,0,2) : 9.143
(1,0,3) : 9.14175
(1,0,4) : 9.14125
(1,0,5) : 9.1375
(1,0,6) : 9.13875
(1,0,7) : 9.140
(1,1,0) : 9.14625
(1,1,1) : 9.14125
(1,1,2) : 9.14025
(1,1,3) : 9.139
(1,1,4) : 9.1385
(1,1,5) : 9.13475
(1,1,6) : 9.1355
(1,1,7) : 9.13725
(1,2,0) : 9.147
(1,2,1) : 9.14175
(1,2,2) : 9.14025
(1,2,3) : 9.13875
(1,2,4) : 9.138
(1,2,5) : 9.13475
(1,2,6) : 9.13625
(1,2,7) : 9.13775
(1,3,0) : 9.147
(1,3,1) : 9.142
(1,3,2) : 9.1405
(1,3,3) : 9.1385
(1,3,4) : 9.13775
(1,3,5) : 9.134
(1,3,6) : 9.13525
(1,3,7) : 9.13725
(1,4,0) : 9.1485
(1,4,1) : 9.143
(1,4,2) : 9.13975
(1,4,3) : 9.138
(1,4,4) : 9.13625
(1,4,5) : 9.13425
(1,4,6) : 9.1355
(1,4,7) : 9.137
(1,5,0) : 9.14375
(1,5,1) : 9.138
(1,5,2) : 9.135
(1,5,3) : 9.13325
(1,5,4) : 9.13125
(1,5,5) : 9.13075
(1,5,6) : 9.1315
(1,5,7) : 9.13275
(1,6,0) : 9.14625
(1,6,1) : 9.1405
(1,6,2) : 9.13775
(1,6,3) : 9.136
(1,6,4) : 9.13375
(1,6,5) : 9.1305
(1,6,6) : 9.13175
(1,6,7) : 9.13325
(1,7,0) : 9.14775
(1,7,1) : 9.142
(1,7,2) : 9.13925
(1,7,3) : 9.1375
(1,7,4) : 9.135
(1,7,5) : 9.132
(1,7,6) : 9.133
(1,7,7) : 9.1345
(2,0,0) : 9.18025
(2,0,1) : 9.177
(2,0,2) : 9.17475
(2,0,3) : 9.17325
(2,0,4) : 9.17275
(2,0,5) : 9.17075
(2,0,6) : 9.17225
(2,0,7) : 9.17425
(2,1,0) : 9.177
(2,1,1) : 9.17425
(2,1,2) : 9.1715
(2,1,3) : 9.1705
(2,1,4) : 9.170
(2,1,5) : 9.168
(2,1,6) : 9.16975
(2,1,7) : 9.1715
(2,2,0) : 9.178
(2,2,1) : 9.17475
(2,2,2) : 9.172
(2,2,3) : 9.1705
(2,2,4) : 9.170
(2,2,5) : 9.168
(2,2,6) : 9.170
(2,2,7) : 9.172
(2,3,0) : 9.17825
(2,3,1) : 9.17525
(2,3,2) : 9.1725
(2,3,3) : 9.1705
(2,3,4) : 9.17025
(2,3,5) : 9.16775
(2,3,6) : 9.16975
(2,3,7) : 9.1715
(2,4,0) : 9.178
(2,4,1) : 9.17425
(2,4,2) : 9.17175
(2,4,3) : 9.16975
(2,4,4) : 9.16825
(2,4,5) : 9.16575
(2,4,6) : 9.16775
(2,4,7) : 9.16925
(2,5,0) : 9.17275
(2,5,1) : 9.1695
(2,5,2) : 9.167
(2,5,3) : 9.165
(2,5,4) : 9.1635
(2,5,5) : 9.161
(2,5,6) : 9.1625
(2,5,7) : 9.16425
(2,6,0) : 9.17625
(2,6,1) : 9.1725
(2,6,2) : 9.170
(2,6,3) : 9.16825
(2,6,4) : 9.1655
(2,6,5) : 9.16275
(2,6,6) : 9.16425
(2,6,7) : 9.1655
(2,7,0) : 9.178
(2,7,1) : 9.17425
(2,7,2) : 9.172
(2,7,3) : 9.1705
(2,7,4) : 9.167
(2,7,5) : 9.16425
(2,7,6) : 9.16525
(2,7,7) : 9.167
(3,0,0) : 9.222
(3,0,1) : 9.21875
(3,0,2) : 9.21625
(3,0,3) : 9.21575
(3,0,4) : 9.21475
(3,0,5) : 9.21275
(3,0,6) : 9.215
(3,0,7) : 9.21675
(3,1,0) : 9.21875
(3,1,1) : 9.216
(3,1,2) : 9.2135
(3,1,3) : 9.2125
(3,1,4) : 9.21175
(3,1,5) : 9.20975
(3,1,6) : 9.212
(3,1,7) : 9.21375
(3,2,0) : 9.21975
(3,2,1) : 9.2165
(3,2,2) : 9.21375
(3,2,3) : 9.2125
(3,2,4) : 9.212
(3,2,5) : 9.210
(3,2,6) : 9.212
(3,2,7) : 9.21425
(3,3,0) : 9.2205
(3,3,1) : 9.217
(3,3,2) : 9.21475
(3,3,3) : 9.2125
(3,3,4) : 9.21175
(3,3,5) : 9.20975
(3,3,6) : 9.2115
(3,3,7) : 9.2135
(3,4,0) : 9.2175
(3,4,1) : 9.214
(3,4,2) : 9.2115
(3,4,3) : 9.20975
(3,4,4) : 9.208
(3,4,5) : 9.20525
(3,4,6) : 9.207
(3,4,7) : 9.209
(3,5,0) : 9.21275
(3,5,1) : 9.20925
(3,5,2) : 9.20675
(3,5,3) : 9.20475
(3,5,4) : 9.2025
(3,5,5) : 9.200
(3,5,6) : 9.20125
(3,5,7) : 9.20325
(3,6,0) : 9.216
(3,6,1) : 9.21225
(3,6,2) : 9.20975
(3,6,3) : 9.20825
(3,6,4) : 9.205
(3,6,5) : 9.20175
(3,6,6) : 9.203
(3,6,7) : 9.2045
(3,7,0) : 9.21775
(3,7,1) : 9.21425
(3,7,2) : 9.21175
(3,7,3) : 9.20975
(3,7,4) : 9.20625
(3,7,5) : 9.2035
(3,7,6) : 9.20475
(3,7,7) : 9.2065
